<?xml version="1.0" encoding="UTF-8"?>
<testsuite name="com.tikkeul.app.mapper.FileMapperTests" tests="2" skipped="0" failures="0" errors="0" timestamp="2023-05-29T15:48:49" hostname="hiui-MacBookPro.local" time="0.064">
  <properties/>
  <testcase name="selectAllTest()" classname="com.tikkeul.app.mapper.FileMapperTests" time="0.054"/>
  <testcase name="insertTest()" classname="com.tikkeul.app.mapper.FileMapperTests" time="0.008"/>
  <system-out><![CDATA[2023-05-30 00:48:49.701  INFO 9330 --- [    Test worker] .b.t.c.SpringBootTestContextBootstrapper : Neither @ContextConfiguration nor @ContextHierarchy found for test class [com.tikkeul.app.mapper.FileMapperTests], using SpringBootContextLoader
2023-05-30 00:48:49.702  INFO 9330 --- [    Test worker] o.s.t.c.support.AbstractContextLoader    : Could not detect default resource locations for test class [com.tikkeul.app.mapper.FileMapperTests]: no resource found for suffixes {-context.xml, Context.groovy}.
2023-05-30 00:48:49.703  INFO 9330 --- [    Test worker] t.c.s.AnnotationConfigContextLoaderUtils : Could not detect default configuration classes for test class [com.tikkeul.app.mapper.FileMapperTests]: FileMapperTests does not declare any static, non-private, non-final, nested classes annotated with @Configuration.
2023-05-30 00:48:49.705  INFO 9330 --- [    Test worker] .b.t.c.SpringBootTestContextBootstrapper : Found @SpringBootConfiguration com.tikkeul.app.TikkeulApplication for test class com.tikkeul.app.mapper.FileMapperTests
2023-05-30 00:48:49.710  INFO 9330 --- [    Test worker] .b.t.c.SpringBootTestContextBootstrapper : Loaded default TestExecutionListener class names from location [META-INF/spring.factories]: [org.springframework.boot.test.autoconfigure.restdocs.RestDocsTestExecutionListener, org.springframework.boot.test.autoconfigure.web.client.MockRestServiceServerResetTestExecutionListener, org.springframework.boot.test.autoconfigure.web.servlet.MockMvcPrintOnlyOnFailureTestExecutionListener, org.springframework.boot.test.autoconfigure.web.servlet.WebDriverTestExecutionListener, org.springframework.boot.test.autoconfigure.webservices.client.MockWebServiceServerTestExecutionListener, org.springframework.boot.test.mock.mockito.MockitoTestExecutionListener, org.springframework.boot.test.mock.mockito.ResetMocksTestExecutionListener, org.springframework.test.context.web.ServletTestExecutionListener, org.springframework.test.context.support.DirtiesContextBeforeModesTestExecutionListener, org.springframework.test.context.event.ApplicationEventsTestExecutionListener, org.springframework.test.context.support.DependencyInjectionTestExecutionListener, org.springframework.test.context.support.DirtiesContextTestExecutionListener, org.springframework.test.context.transaction.TransactionalTestExecutionListener, org.springframework.test.context.jdbc.SqlScriptsTestExecutionListener, org.springframework.test.context.event.EventPublishingTestExecutionListener]
2023-05-30 00:48:49.712  INFO 9330 --- [    Test worker] .b.t.c.SpringBootTestContextBootstrapper : Using TestExecutionListeners: [org.springframework.test.context.web.ServletTestExecutionListener@6219006a, org.springframework.test.context.support.DirtiesContextBeforeModesTestExecutionListener@1e836aed, org.springframework.test.context.event.ApplicationEventsTestExecutionListener@4bc41565, org.springframework.boot.test.mock.mockito.MockitoTestExecutionListener@8dedec8, org.springframework.boot.test.autoconfigure.SpringBootDependencyInjectionTestExecutionListener@226e95e9, org.springframework.test.context.support.DirtiesContextTestExecutionListener@27bf574b, org.springframework.test.context.transaction.TransactionalTestExecutionListener@4cbb11e4, org.springframework.test.context.jdbc.SqlScriptsTestExecutionListener@326dbe25, org.springframework.test.context.event.EventPublishingTestExecutionListener@647aa45c, org.springframework.boot.test.autoconfigure.restdocs.RestDocsTestExecutionListener@3922b297, org.springframework.boot.test.autoconfigure.web.client.MockRestServiceServerResetTestExecutionListener@2d02a066, org.springframework.boot.test.autoconfigure.web.servlet.MockMvcPrintOnlyOnFailureTestExecutionListener@72c1bf75, org.springframework.boot.test.autoconfigure.web.servlet.WebDriverTestExecutionListener@43a8bd35, org.springframework.boot.test.autoconfigure.webservices.client.MockWebServiceServerTestExecutionListener@6fb219dd, org.springframework.boot.test.mock.mockito.ResetMocksTestExecutionListener@570b85dd]
2023-05-30 00:48:49.770  INFO 9330 --- [    Test worker] com.tikkeul.app.mapper.FileMapperTests   : FileVO(id=1, fileSize=2313, originName=1번.jpeg, uuid=3e9ee654-5ee8-4e04-a359-87b0149eff63, filePath=2023/05/28, fileType=REPRESENTATIVE)
]]></system-out>
  <system-err><![CDATA[]]></system-err>
</testsuite>
